<?xml version="1.0" encoding="UTF-8"?>
<!-- Generated by org.testng.reporters.JUnitReportReporter -->
<testsuite skipped="0" hostname="Nishant1996" name="Parallel_Testing.Parallel2" tests="1" failures="0" timestamp="2021-04-02T14:48:50 IST" time="12.557" errors="0">
  <testcase name="openbrowser" time="12.557" classname="Parallel_Testing.Parallel2"/>
  <system-out/>
</testsuite> <!-- Parallel_Testing.Parallel2 -->
