<?xml version="1.0" encoding="UTF-8"?>
<!-- Generated by org.testng.reporters.JUnitReportReporter -->
<testsuite skipped="0" hostname="Nishant1996" name="TestNG.Annotations" tests="3" failures="0" timestamp="2021-03-29T14:10:00 IST" time="0.018" errors="0">
  <testcase name="test1" time="0.008" classname="TestNG.Annotations"/>
  <system-out>
test1 executed  </system-out>
  <testcase name="test3" time="0.004" classname="TestNG.Annotations"/>
  <system-out>
test3 executed  </system-out>
  <testcase name="test2" time="0.006" classname="TestNG.Annotations"/>
  <system-out>
test2 executed  </system-out>
</testsuite> <!-- TestNG.Annotations -->
