<?xml version="1.0" encoding="UTF-8"?>
<!-- Generated by org.testng.reporters.JUnitReportReporter -->
<testsuite skipped="0" hostname="Nishant1996" name="ReRunfailedTests.sample2" tests="3" failures="0" timestamp="2021-03-31T13:28:10 IST" time="0.006" errors="0">
  <testcase name="TC5" time="0.003" classname="ReRunfailedTests.sample2"/>
  <system-out>
TC5 executed  </system-out>
  <testcase name="TC4" time="0.001" classname="ReRunfailedTests.sample2"/>
  <system-out>
TC4 executed  </system-out>
  <testcase name="TC6" time="0.002" classname="ReRunfailedTests.sample2"/>
  <system-out>
TC6 executed  </system-out>
</testsuite> <!-- ReRunfailedTests.sample2 -->
