<?xml version="1.0" encoding="UTF-8"?>
<!-- Generated by org.testng.reporters.JUnitReportReporter -->
<testsuite skipped="1" hostname="Nishant1996" name="TestNG.TestNGkeywords" tests="8" failures="0" timestamp="2021-03-30T13:25:29 IST" time="0.023" errors="0">
  <testcase name="additemtocart" time="0.000" classname="TestNG.TestNGkeywords"/>
  <system-out>
item added to cart  </system-out>
  <testcase name="additemtocart" time="0.005" classname="TestNG.TestNGkeywords"/>
  <system-out>
item added to cart  </system-out>
  <testcase name="additemtocart" time="0.003" classname="TestNG.TestNGkeywords"/>
  <system-out>
item added to cart  </system-out>
  <testcase name="additemtocart" time="0.008" classname="TestNG.TestNGkeywords"/>
  <system-out>
item added to cart  </system-out>
  <testcase name="selectpaymentmethod" time="0.002" classname="TestNG.TestNGkeywords"/>
  <system-out>
payment method selected  </system-out>
  <testcase name="placeorder" time="0.003" classname="TestNG.TestNGkeywords"/>
  <system-out>
order placed  </system-out>
  <testcase name="logout" time="0.002" classname="TestNG.TestNGkeywords"/>
  <system-out>
logged out  </system-out>
  <testcase name="buyselecteditems" classname="TestNG.TestNGkeywords">
    <skipped/>
  </testcase> <!-- buyselecteditems -->
  <system-out/>
</testsuite> <!-- TestNG.TestNGkeywords -->
