<?xml version="1.0" encoding="UTF-8"?>
<!-- Generated by org.testng.reporters.JUnitReportReporter -->
<testsuite skipped="0" hostname="Nishant1996" name="Practice.TESTNG" tests="1" failures="0" timestamp="2021-03-26T10:27:56 IST" time="0.010" errors="0">
  <testcase name="m1" time="0.010" classname="Practice.TESTNG"/>
  <system-out/>
</testsuite> <!-- Practice.TESTNG -->
