<?xml version="1.0" encoding="UTF-8"?>
<!-- Generated by org.testng.reporters.JUnitReportReporter -->
<testsuite skipped="0" hostname="Nishant1996" name="DataProvider.Baseclassfb" tests="1" failures="0" timestamp="2021-04-06T19:18:55 IST" time="0.008" errors="0">
  <testcase name="getData" time="0.008" classname="DataProvider.Baseclassfb"/>
  <system-out/>
</testsuite> <!-- DataProvider.Baseclassfb -->
