<?xml version="1.0" encoding="UTF-8"?>
<!-- Generated by org.testng.reporters.JUnitReportReporter -->
<testsuite skipped="0" hostname="Nishant1996" name="POM_DDF_TestNG.KiteVerifyProfileNameTest" tests="2" failures="0" timestamp="2021-04-04T09:01:51 IST" time="11.672" errors="0">
  <testcase name="VerifyProfilePageName" time="6.482" classname="POM_DDF_TestNG.KiteVerifyProfileNameTest"/>
  <system-out/>
  <testcase name="goToOrderTab" time="5.190" classname="POM_DDF_TestNG.KiteVerifyProfileNameTest"/>
  <system-out/>
</testsuite> <!-- POM_DDF_TestNG.KiteVerifyProfileNameTest -->
