<?xml version="1.0" encoding="UTF-8"?>
<!-- Generated by org.testng.reporters.JUnitReportReporter -->
<testsuite skipped="0" hostname="Nishant1996" name="Challangaes.Flipkart" tests="1" failures="0" timestamp="2021-04-10T13:34:02 IST" time="0.364" errors="0">
  <testcase name="iphone" time="0.364" classname="Challangaes.Flipkart"/>
  <system-out/>
</testsuite> <!-- Challangaes.Flipkart -->
