<?xml version="1.0" encoding="UTF-8"?>
<!-- Generated by org.testng.reporters.JUnitReportReporter -->
<testsuite skipped="1" hostname="Nishant1996" name="testng_examples.sample3" tests="3" failures="0" timestamp="2021-03-30T13:42:56 IST" time="0.002" errors="0">
  <testcase name="TC10" time="0.001" classname="testng_examples.sample3"/>
  <system-out>
running TC10  </system-out>
  <testcase name="TC8" time="0.001" classname="testng_examples.sample3"/>
  <system-out>
running TC8  </system-out>
  <testcase name="TC9" classname="testng_examples.sample3">
    <skipped/>
  </testcase> <!-- TC9 -->
  <system-out/>
</testsuite> <!-- testng_examples.sample3 -->
