<?xml version="1.0" encoding="UTF-8"?>
<!-- Generated by org.testng.reporters.JUnitReportReporter -->
<testsuite skipped="1" hostname="Nishant1996" name="DataProvider.Testclass" tests="1" failures="0" timestamp="2021-04-06T18:39:53 IST" time="0.000" errors="0">
  <testcase name="loginop" time="0.000" classname="DataProvider.Testclass">
    <skipped/>
  </testcase> <!-- loginop -->
  <system-out/>
</testsuite> <!-- DataProvider.Testclass -->
