<?xml version="1.0" encoding="UTF-8"?>
<!-- Generated by org.testng.reporters.JUnitReportReporter -->
<testsuite skipped="0" hostname="Nishant1996" name="Practice.testNGexample" tests="2" failures="0" timestamp="2021-03-26T14:45:43 IST" time="0.010" errors="0">
  <testcase name="m1" time="0.010" classname="Practice.testNGexample"/>
  <system-out>
m1 is running  </system-out>
  <testcase name="m2" time="0.000" classname="Practice.testNGexample"/>
  <system-out>
m2 is running  </system-out>
</testsuite> <!-- Practice.testNGexample -->
