<?xml version="1.0" encoding="UTF-8"?>
<!-- Generated by org.testng.reporters.JUnitReportReporter -->
<testsuite skipped="0" hostname="Nishant1996" name="testng_examples.sample1" tests="3" failures="0" timestamp="2021-03-30T13:42:56 IST" time="0.021" errors="0">
  <testcase name="TC3" time="0.007" classname="testng_examples.sample1"/>
  <system-out>
running TC3  </system-out>
  <testcase name="TC2" time="0.005" classname="testng_examples.sample1"/>
  <system-out>
running TC2  </system-out>
  <testcase name="TC1" time="0.009" classname="testng_examples.sample1"/>
  <system-out>
running TC1  </system-out>
</testsuite> <!-- testng_examples.sample1 -->
