<?xml version="1.0" encoding="UTF-8"?>
<!-- Generated by org.testng.reporters.JUnitReportReporter -->
<testsuite skipped="0" hostname="Nishant1996" name="TestNG.sample3" tests="3" failures="0" timestamp="2021-03-29T19:12:39 IST" time="0.014" errors="0">
  <testcase name="TC8" time="0.009" classname="TestNG.sample3"/>
  <system-out>
running TC8  </system-out>
  <testcase name="TC9" time="0.002" classname="TestNG.sample3"/>
  <system-out>
running TC9  </system-out>
  <testcase name="TC10" time="0.003" classname="TestNG.sample3"/>
  <system-out>
running TC10  </system-out>
</testsuite> <!-- TestNG.sample3 -->
