<?xml version="1.0" encoding="UTF-8"?>
<!-- Generated by org.testng.reporters.JUnitReportReporter -->
<testsuite skipped="0" hostname="Nishant1996" name="ReRunfailedTests.sample1" tests="3" failures="0" timestamp="2021-03-31T13:28:10 IST" time="0.025" errors="0">
  <testcase name="TC1" time="0.020" classname="ReRunfailedTests.sample1"/>
  <system-out>
TC1 executed  </system-out>
  <testcase name="TC2" time="0.003" classname="ReRunfailedTests.sample1"/>
  <system-out>
TC2 executed  </system-out>
  <testcase name="TC3" time="0.002" classname="ReRunfailedTests.sample1"/>
  <system-out>
TC3 executed  </system-out>
</testsuite> <!-- ReRunfailedTests.sample1 -->
