<?xml version="1.0" encoding="UTF-8"?>
<!-- Generated by org.testng.reporters.JUnitReportReporter -->
<testsuite skipped="0" hostname="Nishant1996" name="Parallel_Testing.p1" tests="1" failures="0" timestamp="2021-04-03T23:34:49 IST" time="5.829" errors="0">
  <testcase name="tm1" time="5.829" classname="Parallel_Testing.p1"/>
  <system-out/>
</testsuite> <!-- Parallel_Testing.p1 -->
