<?xml version="1.0" encoding="UTF-8"?>
<!-- Generated by org.testng.reporters.JUnitReportReporter -->
<testsuite skipped="0" hostname="Nishant1996" name="GroupingOfTests.sample1" tests="1" failures="0" timestamp="2021-04-03T14:38:21 IST" time="0.000" errors="0">
  <testcase name="tm1" time="0.000" classname="GroupingOfTests.sample1"/>
  <system-out>
order 1  </system-out>
</testsuite> <!-- GroupingOfTests.sample1 -->
