<?xml version="1.0" encoding="UTF-8"?>
<!-- Generated by org.testng.reporters.JUnitReportReporter -->
<testsuite skipped="0" hostname="Nishant1996" name="TestNG.sample2" tests="4" failures="0" timestamp="2021-03-29T19:12:39 IST" time="0.021" errors="0">
  <testcase name="TC4" time="0.008" classname="TestNG.sample2"/>
  <system-out>
running TC4  </system-out>
  <testcase name="TC5" time="0.008" classname="TestNG.sample2"/>
  <system-out>
running TC5  </system-out>
  <testcase name="TC6" time="0.003" classname="TestNG.sample2"/>
  <system-out>
running TC6  </system-out>
  <testcase name="TC7" time="0.002" classname="TestNG.sample2"/>
  <system-out>
running TC7  </system-out>
</testsuite> <!-- TestNG.sample2 -->
