<?xml version="1.0" encoding="UTF-8"?>
<!-- Generated by org.testng.reporters.JUnitReportReporter -->
<testsuite skipped="0" hostname="Nishant1996" name="TestNG.sample1" tests="3" failures="0" timestamp="2021-03-29T19:12:39 IST" time="0.008" errors="0">
  <testcase name="TC1" time="0.007" classname="TestNG.sample1"/>
  <system-out>
running TC1  </system-out>
  <testcase name="TC2" time="0.001" classname="TestNG.sample1"/>
  <system-out>
running TC2  </system-out>
  <testcase name="TC3" time="0.000" classname="TestNG.sample1"/>
  <system-out>
running TC3  </system-out>
</testsuite> <!-- TestNG.sample1 -->
