<?xml version="1.0" encoding="UTF-8"?>
<!-- Generated by org.testng.reporters.JUnitReportReporter -->
<testsuite skipped="0" hostname="Nishant1996" name="Parallel_Testing.parallel3" tests="1" failures="0" timestamp="2021-04-02T14:48:50 IST" time="14.036" errors="0">
  <testcase name="openbrowser" time="14.036" classname="Parallel_Testing.parallel3"/>
  <system-out/>
</testsuite> <!-- Parallel_Testing.parallel3 -->
