<?xml version="1.0" encoding="UTF-8"?>
<!-- Generated by org.testng.reporters.JUnitReportReporter -->
<testsuite skipped="0" hostname="Nishant1996" name="testng_examples.DisableTestMethods2" tests="1" failures="0" timestamp="2021-03-31T13:45:03 IST" time="0.001" errors="0">
  <testcase name="tm5" time="0.001" classname="testng_examples.DisableTestMethods2"/>
  <system-out>
tm5 executing  </system-out>
</testsuite> <!-- testng_examples.DisableTestMethods2 -->
