<?xml version="1.0" encoding="UTF-8"?>
<!-- Generated by org.testng.reporters.JUnitReportReporter -->
<testsuite skipped="0" hostname="Nishant1996" name="TestNG.concept" tests="1" failures="0" timestamp="2021-03-26T14:12:36 IST" time="32.219" errors="0">
  <testcase name="m1" time="32.219" classname="TestNG.concept"/>
  <system-out/>
</testsuite> <!-- TestNG.concept -->
