<?xml version="1.0" encoding="UTF-8"?>
<!-- Generated by org.testng.reporters.JUnitReportReporter -->
<testsuite skipped="0" hostname="Nishant1996" name="TestNG.TestNGKeywords1" tests="4" failures="0" timestamp="2021-03-30T13:44:35 IST" time="4.041" errors="0">
  <testcase name="TC3" time="0.010" classname="TestNG.TestNGKeywords1"/>
  <system-out/>
  <testcase name="AC1" time="0.000" classname="TestNG.TestNGKeywords1"/>
  <system-out/>
  <testcase name="TC2" time="0.016" classname="TestNG.TestNGKeywords1"/>
  <system-out/>
  <testcase name="TC4" time="4.015" classname="TestNG.TestNGKeywords1"/>
  <system-out>
test4 executed  </system-out>
</testsuite> <!-- TestNG.TestNGKeywords1 -->
