<?xml version="1.0" encoding="UTF-8"?>
<!-- Generated by org.testng.reporters.JUnitReportReporter -->
<testsuite skipped="0" hostname="Nishant1996" name="CrossBrowserTesting.MultiBrowser" tests="3" failures="0" timestamp="2021-04-03T23:53:23 IST" time="64.477" errors="0">
  <testcase name="TC1" time="23.181" classname="CrossBrowserTesting.MultiBrowser"/>
  <system-out/>
  <testcase name="TC1" time="15.563" classname="CrossBrowserTesting.MultiBrowser"/>
  <system-out/>
  <testcase name="TC1" time="25.733" classname="CrossBrowserTesting.MultiBrowser"/>
  <system-out/>
</testsuite> <!-- CrossBrowserTesting.MultiBrowser -->
