<?xml version="1.0" encoding="UTF-8"?>
<!-- Generated by org.testng.reporters.JUnitReportReporter -->
<testsuite skipped="0" hostname="Nishant1996" name="testng_examples.DisableTestMethods1" tests="1" failures="0" timestamp="2021-03-31T13:45:03 IST" time="0.013" errors="0">
  <testcase name="tm1" time="0.013" classname="testng_examples.DisableTestMethods1"/>
  <system-out>
tm1 executing  </system-out>
</testsuite> <!-- testng_examples.DisableTestMethods1 -->
