<?xml version="1.0" encoding="UTF-8"?>
<!-- Generated by org.testng.reporters.JUnitReportReporter -->
<testsuite skipped="0" hostname="Nishant1996" name="testng_examples.sample2" tests="4" failures="0" timestamp="2021-03-30T13:42:56 IST" time="0.017" errors="0">
  <testcase name="TC4" time="0.009" classname="testng_examples.sample2"/>
  <system-out>
running TC4  </system-out>
  <testcase name="TC5" time="0.002" classname="testng_examples.sample2"/>
  <system-out>
running TC5  </system-out>
  <testcase name="TC6" time="0.003" classname="testng_examples.sample2"/>
  <system-out>
running TC6  </system-out>
  <testcase name="TC7" time="0.003" classname="testng_examples.sample2"/>
  <system-out>
running TC7  </system-out>
</testsuite> <!-- testng_examples.sample2 -->
